<?xml version="1.0" encoding="UTF-8"?>
<testsuite xmlns:xsi="http://www.w3.org/2001/XMLSchema-instance" xsi:noNamespaceSchemaLocation="https://maven.apache.org/surefire/maven-surefire-plugin/xsd/surefire-test-report-3.0.xsd" version="3.0" name="com.example.taskmanager.TaskManagerTest" time="0.131" tests="5" errors="0" skipped="0" failures="0">
  <properties>
[...]
</properties>
  <testcase name="deleteTaskRemovesExistingTask" classname="com.example.taskmanager.TaskManagerTest" time="0.055"/>
  <testcase name="completeTaskChangesStatus" classname="com.example.taskmanager.TaskManagerTest" time="0.004"/>
  <testcase name="unknownTaskIdReturnsFalse" classname="com.example.taskmanager.TaskManagerTest" time="0.002"/>
  <testcase name="blankTitleIsRejected" classname="com.example.taskmanager.TaskManagerTest" time="0.004"/>
  <testcase name="addTaskCreatesTaskWithIncrementingId" classname="com.example.taskmanager.TaskManagerTest" time="0.003"/>
</testsuite>